<?xml version="1.0" encoding="UTF-8"?>
<testng-results ignored="10" total="22" passed="9" failed="3" skipped="0">
  <reporter-output>
  </reporter-output>
  <suite started-at="2022-11-10T17:40:39 IST" name="Suite" finished-at="2022-11-10T17:45:50 IST" duration-ms="310960">
    <groups>
      <group name="Sanity">
        <method signature="AddNewCustomerPageTest.verifyAddNewCustomerPageTest(java.lang.String,java.lang.String)[pri:0, instance:com.dcpl.testcase.AddNewCustomerPageTest@1ffaf86]" name="verifyAddNewCustomerPageTest" class="com.dcpl.testcase.AddNewCustomerPageTest"/>
        <method signature="OrderHeaderPageTest.createOrderHeaderPageTest(java.util.HashMap)[pri:1, instance:com.dcpl.testcase.OrderHeaderPageTest@4686afc2]" name="createOrderHeaderPageTest" class="com.dcpl.testcase.OrderHeaderPageTest"/>
        <method signature="SalesLoginPageTest.salesLoginTest(java.lang.String,java.lang.String)[pri:0, instance:com.dcpl.testcase.SalesLoginPageTest@6340e5f0]" name="salesLoginTest" class="com.dcpl.testcase.SalesLoginPageTest"/>
        <method signature="SalesLogoutPageTest.salesLogoutTest(java.lang.String,java.lang.String)[pri:0, instance:com.dcpl.testcase.SalesLogoutPageTest@45099dd3]" name="salesLogoutTest" class="com.dcpl.testcase.SalesLogoutPageTest"/>
      </group> <!-- Sanity -->
      <group name="Regression">
        <method signature="AddNewCustomerPageTest.createCustomerDetailsTest(java.util.HashMap)[pri:1, instance:com.dcpl.testcase.AddNewCustomerPageTest@1ffaf86]" name="createCustomerDetailsTest" class="com.dcpl.testcase.AddNewCustomerPageTest"/>
        <method signature="OrderHeaderPageTest.createOrderHeaderPageTest(java.util.HashMap)[pri:1, instance:com.dcpl.testcase.OrderHeaderPageTest@4686afc2]" name="createOrderHeaderPageTest" class="com.dcpl.testcase.OrderHeaderPageTest"/>
        <method signature="SearchCustomerPageTest.searchCustomerTest(java.util.HashMap)[pri:0, instance:com.dcpl.testcase.SearchCustomerPageTest@13e344d]" name="searchCustomerTest" class="com.dcpl.testcase.SearchCustomerPageTest"/>
      </group> <!-- Regression -->
      <group name="Smoke">
        <method signature="SalesHomePageTest.verifyHomeCreateDocumentMenu(java.lang.String,java.lang.String)[pri:0, instance:com.dcpl.testcase.SalesHomePageTest@71ba6d4e]" name="verifyHomeCreateDocumentMenu" class="com.dcpl.testcase.SalesHomePageTest"/>
        <method signature="SalesHomePageTest.verifyOrdersMenu(java.lang.String,java.lang.String)[pri:1, instance:com.dcpl.testcase.SalesHomePageTest@71ba6d4e]" name="verifyOrdersMenu" class="com.dcpl.testcase.SalesHomePageTest"/>
        <method signature="SalesLoginPageTest.salesLoginTest(java.lang.String,java.lang.String)[pri:0, instance:com.dcpl.testcase.SalesLoginPageTest@6340e5f0]" name="salesLoginTest" class="com.dcpl.testcase.SalesLoginPageTest"/>
        <method signature="SalesLogoutPageTest.salesLogoutTest(java.lang.String,java.lang.String)[pri:0, instance:com.dcpl.testcase.SalesLogoutPageTest@45099dd3]" name="salesLogoutTest" class="com.dcpl.testcase.SalesLogoutPageTest"/>
      </group> <!-- Smoke -->
    </groups>
    <test started-at="2022-11-10T17:40:39 IST" name="Test_All" finished-at="2022-11-10T17:45:50 IST" duration-ms="310960">
      <class name="com.dcpl.testcase.SalesLogoutPageTest">
        <test-method is-config="true" signature="setUP(java.lang.String)[pri:0, instance:com.dcpl.testcase.SalesLogoutPageTest@45099dd3]" started-at="2022-11-10T17:41:42 IST" name="setUP" finished-at="2022-11-10T17:41:47 IST" duration-ms="5009" status="PASS">
          <params>
            <param index="0">
              <value>
                <![CDATA[chrome]]>
              </value>
            </param>
          </params>
          <reporter-output>
          </reporter-output>
        </test-method> <!-- setUP -->
        <test-method signature="salesLogoutTest(java.lang.String,java.lang.String)[pri:0, instance:com.dcpl.testcase.SalesLogoutPageTest@45099dd3]" started-at="2022-11-10T17:41:47 IST" name="salesLogoutTest" description="Performing user logout for sales portal" data-provider="salesLoginCredentials" finished-at="2022-11-10T17:41:57 IST" duration-ms="9587" status="FAIL">
          <params>
            <param index="0">
              <value>
                <![CDATA[98]]>
              </value>
            </param>
            <param index="1">
              <value>
                <![CDATA[Pass@123]]>
              </value>
            </param>
          </params>
          <exception class="org.openqa.selenium.json.JsonException">
            <message>
              <![CDATA[java.lang.reflect.InvocationTargetException
Build info: version: '4.3.0', revision: 'a4995e2c09*'
System info: host: 'HP', ip: '10.212.134.14', os.name: 'Windows 10', os.arch: 'amd64', os.version: '10.0', java.version: '17.0.1'
Driver info: org.openqa.selenium.chrome.ChromeDriver
Command: [e7e53034ba06c68601adc43cbd0de226, actions {actions=[org.openqa.selenium.interactions.Sequence@6a1d1467]}]
Capabilities {acceptInsecureCerts: false, browserName: chrome, browserVersion: 107.0.5304.89, chrome: {chromedriverVersion: 107.0.5304.62 (1eec40d3a576..., userDataDir: C:\Users\USER\AppData\Local...}, goog:chromeOptions: {debuggerAddress: localhost:51316}, networkConnectionEnabled: false, pageLoadStrategy: normal, platformName: WINDOWS, proxy: Proxy(), se:cdp: ws://localhost:51316/devtoo..., se:cdpVersion: 107.0.5304.89, setWindowRect: true, strictFileInteractability: false, timeouts: {implicit: 0, pageLoad: 300000, script: 30000}, unhandledPromptBehavior: dismiss and notify, webauthn:extension:credBlob: true, webauthn:extension:largeBlob: true, webauthn:virtualAuthenticators: true}
Session ID: e7e53034ba06c68601adc43cbd0de226]]>
            </message>
            <full-stacktrace>
              <![CDATA[org.openqa.selenium.json.JsonException: java.lang.reflect.InvocationTargetException
Build info: version: '4.3.0', revision: 'a4995e2c09*'
System info: host: 'HP', ip: '10.212.134.14', os.name: 'Windows 10', os.arch: 'amd64', os.version: '10.0', java.version: '17.0.1'
Driver info: org.openqa.selenium.chrome.ChromeDriver
Command: [e7e53034ba06c68601adc43cbd0de226, actions {actions=[org.openqa.selenium.interactions.Sequence@6a1d1467]}]
Capabilities {acceptInsecureCerts: false, browserName: chrome, browserVersion: 107.0.5304.89, chrome: {chromedriverVersion: 107.0.5304.62 (1eec40d3a576..., userDataDir: C:\Users\USER\AppData\Local...}, goog:chromeOptions: {debuggerAddress: localhost:51316}, networkConnectionEnabled: false, pageLoadStrategy: normal, platformName: WINDOWS, proxy: Proxy(), se:cdp: ws://localhost:51316/devtoo..., se:cdpVersion: 107.0.5304.89, setWindowRect: true, strictFileInteractability: false, timeouts: {implicit: 0, pageLoad: 300000, script: 30000}, unhandledPromptBehavior: dismiss and notify, webauthn:extension:credBlob: true, webauthn:extension:largeBlob: true, webauthn:virtualAuthenticators: true}
Session ID: e7e53034ba06c68601adc43cbd0de226
at org.openqa.selenium.json.JsonOutput.convertUsingMethod(JsonOutput.java:362)
at org.openqa.selenium.json.JsonOutput.lambda$new$16(JsonOutput.java:154)
at org.openqa.selenium.json.JsonOutput.write(JsonOutput.java:287)
at org.openqa.selenium.json.JsonOutput.lambda$new$22(JsonOutput.java:169)
at java.base/java.util.stream.ForEachOps$ForEachOp$OfRef.accept(ForEachOps.java:183)
at java.base/java.util.stream.ReferencePipeline$2$1.accept(ReferencePipeline.java:179)
at java.base/java.util.Iterator.forEachRemaining(Iterator.java:133)
at java.base/java.util.Spliterators$IteratorSpliterator.forEachRemaining(Spliterators.java:1845)
at java.base/java.util.stream.AbstractPipeline.copyInto(AbstractPipeline.java:509)
at java.base/java.util.stream.AbstractPipeline.wrapAndCopyInto(AbstractPipeline.java:499)
at java.base/java.util.stream.ForEachOps$ForEachOp.evaluateSequential(ForEachOps.java:150)
at java.base/java.util.stream.ForEachOps$ForEachOp$OfRef.evaluateSequential(ForEachOps.java:173)
at java.base/java.util.stream.AbstractPipeline.evaluate(AbstractPipeline.java:234)
at java.base/java.util.stream.ReferencePipeline.forEach(ReferencePipeline.java:596)
at org.openqa.selenium.json.JsonOutput.lambda$new$23(JsonOutput.java:169)
at org.openqa.selenium.json.JsonOutput.write(JsonOutput.java:287)
at org.openqa.selenium.json.JsonOutput.lambda$new$24(JsonOutput.java:182)
at com.google.common.collect.SingletonImmutableBiMap.forEach(SingletonImmutableBiMap.java:68)
at org.openqa.selenium.json.JsonOutput.lambda$new$25(JsonOutput.java:177)
at org.openqa.selenium.json.JsonOutput.write(JsonOutput.java:287)
at org.openqa.selenium.json.JsonOutput.write(JsonOutput.java:278)
at org.openqa.selenium.json.Json.toJson(Json.java:42)
at org.openqa.selenium.remote.codec.AbstractHttpCommandCodec.encode(AbstractHttpCommandCodec.java:259)
at org.openqa.selenium.remote.codec.AbstractHttpCommandCodec.encode(AbstractHttpCommandCodec.java:127)
at org.openqa.selenium.remote.HttpCommandExecutor.execute(HttpCommandExecutor.java:172)
at org.openqa.selenium.remote.service.DriverCommandExecutor.invokeExecute(DriverCommandExecutor.java:167)
at org.openqa.selenium.remote.service.DriverCommandExecutor.execute(DriverCommandExecutor.java:142)
at org.openqa.selenium.remote.RemoteWebDriver.execute(RemoteWebDriver.java:569)
at org.openqa.selenium.remote.RemoteWebDriver.perform(RemoteWebDriver.java:637)
at org.openqa.selenium.interactions.Actions$BuiltAction.perform(Actions.java:567)
at com.dcpl.actiondriver.Action.click(Action.java:49)
at com.dcpl.pageobjects.SalesHomePage.salesLogout(SalesHomePage.java:53)
at com.dcpl.testcase.SalesLogoutPageTest.salesLogoutTest(SalesLogoutPageTest.java:54)
at java.base/jdk.internal.reflect.NativeMethodAccessorImpl.invoke0(Native Method)
at java.base/jdk.internal.reflect.NativeMethodAccessorImpl.invoke(NativeMethodAccessorImpl.java:77)
at java.base/jdk.internal.reflect.DelegatingMethodAccessorImpl.invoke(DelegatingMethodAccessorImpl.java:43)
at java.base/java.lang.reflect.Method.invoke(Method.java:568)
at org.testng.internal.MethodInvocationHelper.invokeMethod(MethodInvocationHelper.java:133)
at org.testng.internal.TestInvoker.invokeMethod(TestInvoker.java:598)
at org.testng.internal.TestInvoker.invokeTestMethod(TestInvoker.java:173)
at org.testng.internal.MethodRunner.runInSequence(MethodRunner.java:46)
at org.testng.internal.TestInvoker$MethodInvocationAgent.invoke(TestInvoker.java:824)
at org.testng.internal.TestInvoker.invokeTestMethods(TestInvoker.java:146)
at org.testng.internal.TestMethodWorker.invokeTestMethods(TestMethodWorker.java:146)
at org.testng.internal.TestMethodWorker.run(TestMethodWorker.java:128)
at java.base/java.util.ArrayList.forEach(ArrayList.java:1511)
at org.testng.TestRunner.privateRun(TestRunner.java:794)
at org.testng.TestRunner.run(TestRunner.java:596)
at org.testng.SuiteRunner.runTest(SuiteRunner.java:377)
at org.testng.SuiteRunner.runSequentially(SuiteRunner.java:371)
at org.testng.SuiteRunner.privateRun(SuiteRunner.java:332)
at org.testng.SuiteRunner.run(SuiteRunner.java:276)
at org.testng.SuiteRunnerWorker.runSuite(SuiteRunnerWorker.java:53)
at org.testng.SuiteRunnerWorker.run(SuiteRunnerWorker.java:96)
at org.testng.TestNG.runSuitesSequentially(TestNG.java:1212)
at org.testng.TestNG.runSuitesLocally(TestNG.java:1134)
at org.testng.TestNG.runSuites(TestNG.java:1063)
at org.testng.TestNG.run(TestNG.java:1031)
at org.testng.remote.AbstractRemoteTestNG.run(AbstractRemoteTestNG.java:115)
at org.testng.remote.RemoteTestNG.initAndRun(RemoteTestNG.java:251)
at org.testng.remote.RemoteTestNG.main(RemoteTestNG.java:77)
Suppressed: org.openqa.selenium.json.JsonException: Attempting to close incomplete json stream
Build info: version: '4.3.0', revision: 'a4995e2c09*'
System info: host: 'HP', ip: '10.212.134.14', os.name: 'Windows 10', os.arch: 'amd64', os.version: '10.0', java.version: '17.0.1'
Driver info: driver.version: RemoteWebDriver
at org.openqa.selenium.json.JsonOutput.close(JsonOutput.java:303)
at org.openqa.selenium.json.Json.toJson(Json.java:40)
... 39 more
Caused by: java.lang.reflect.InvocationTargetException
at java.base/jdk.internal.reflect.NativeMethodAccessorImpl.invoke0(Native Method)
at java.base/jdk.internal.reflect.NativeMethodAccessorImpl.invoke(NativeMethodAccessorImpl.java:77)
at java.base/jdk.internal.reflect.DelegatingMethodAccessorImpl.invoke(DelegatingMethodAccessorImpl.java:43)
at java.base/java.lang.reflect.Method.invoke(Method.java:568)
at org.openqa.selenium.json.JsonOutput.convertUsingMethod(JsonOutput.java:358)
... 60 more
Caused by: org.openqa.selenium.UnhandledAlertException: unexpected alert open: {Alert text : }
  (Session info: chrome=107.0.5304.89): {Alert text : 
Build info: version: '4.3.0', revision: 'a4995e2c09*'
System info: host: 'HP', ip: '10.212.134.14', os.name: 'Windows 10', os.arch: 'amd64', os.version: '10.0', java.version: '17.0.1'
Driver info: org.openqa.selenium.chrome.ChromeDriver
Command: [e7e53034ba06c68601adc43cbd0de226, findElement {using=xpath, value=//a[normalize-space()='Logout']}]
Capabilities {acceptInsecureCerts: false, browserName: chrome, browserVersion: 107.0.5304.89, chrome: {chromedriverVersion: 107.0.5304.62 (1eec40d3a576..., userDataDir: C:\Users\USER\AppData\Local...}, goog:chromeOptions: {debuggerAddress: localhost:51316}, networkConnectionEnabled: false, pageLoadStrategy: normal, platformName: WINDOWS, proxy: Proxy(), se:cdp: ws://localhost:51316/devtoo..., se:cdpVersion: 107.0.5304.89, setWindowRect: true, strictFileInteractability: false, timeouts: {implicit: 0, pageLoad: 300000, script: 30000}, unhandledPromptBehavior: dismiss and notify, webauthn:extension:credBlob: true, webauthn:extension:largeBlob: true, webauthn:virtualAuthenticators: true}
Session ID: e7e53034ba06c68601adc43cbd0de226
at org.openqa.selenium.remote.codec.w3c.W3CHttpResponseCodec.decode(W3CHttpResponseCodec.java:131)
at org.openqa.selenium.remote.codec.w3c.W3CHttpResponseCodec.decode(W3CHttpResponseCodec.java:53)
at org.openqa.selenium.remote.HttpCommandExecutor.execute(HttpCommandExecutor.java:184)
at org.openqa.selenium.remote.service.DriverCommandExecutor.invokeExecute(DriverCommandExecutor.java:167)
at org.openqa.selenium.remote.service.DriverCommandExecutor.execute(DriverCommandExecutor.java:142)
at org.openqa.selenium.remote.RemoteWebDriver.execute(RemoteWebDriver.java:569)
at org.openqa.selenium.remote.ElementLocation$ElementFinder$2.findElement(ElementLocation.java:162)
at org.openqa.selenium.remote.ElementLocation.findElement(ElementLocation.java:60)
at org.openqa.selenium.remote.RemoteWebDriver.findElement(RemoteWebDriver.java:387)
at org.openqa.selenium.remote.RemoteWebDriver.findElement(RemoteWebDriver.java:379)
at org.openqa.selenium.support.pagefactory.DefaultElementLocator.findElement(DefaultElementLocator.java:70)
at org.openqa.selenium.support.pagefactory.internal.LocatingElementHandler.invoke(LocatingElementHandler.java:39)
at jdk.proxy2/jdk.proxy2.$Proxy24.getWrappedElement(Unknown Source)
at org.openqa.selenium.interactions.PointerInput$Origin.asArg(PointerInput.java:260)
at org.openqa.selenium.interactions.PointerInput$Move.encode(PointerInput.java:209)
at org.openqa.selenium.interactions.Sequence.encode(Sequence.java:73)
at org.openqa.selenium.interactions.Sequence.toJson(Sequence.java:82)
... 65 more
]]>
            </full-stacktrace>
          </exception> <!-- org.openqa.selenium.json.JsonException -->
          <reporter-output>
          </reporter-output>
        </test-method> <!-- salesLogoutTest -->
        <test-method is-config="true" signature="closeWebApplication()[pri:0, instance:com.dcpl.testcase.SalesLogoutPageTest@45099dd3]" started-at="2022-11-10T17:41:57 IST" name="closeWebApplication" finished-at="2022-11-10T17:41:58 IST" duration-ms="1071" status="PASS">
          <reporter-output>
          </reporter-output>
        </test-method> <!-- closeWebApplication -->
      </class> <!-- com.dcpl.testcase.SalesLogoutPageTest -->
      <class name="com.dcpl.testcase.SearchCustomerPageTest">
        <test-method is-config="true" signature="setUP(java.lang.String)[pri:0, instance:com.dcpl.testcase.SearchCustomerPageTest@13e344d]" started-at="2022-11-10T17:41:58 IST" name="setUP" finished-at="2022-11-10T17:42:05 IST" duration-ms="6238" status="PASS">
          <params>
            <param index="0">
              <value>
                <![CDATA[chrome]]>
              </value>
            </param>
          </params>
          <reporter-output>
          </reporter-output>
        </test-method> <!-- setUP -->
        <test-method signature="searchCustomerTest(java.util.HashMap)[pri:0, instance:com.dcpl.testcase.SearchCustomerPageTest@13e344d]" started-at="2022-11-10T17:42:05 IST" name="searchCustomerTest" description="Testing search customer details" data-provider="searchCustomerDetailsData" finished-at="2022-11-10T17:42:17 IST" duration-ms="12675" status="PASS">
          <params>
            <param index="0">
              <value>
                <![CDATA[{customerContactNumber=9746764977, password=Pass@123, customerLoyaltyCard=66, customerID=8, hrms_id=98, customerName=Ali Hashmi}]]>
              </value>
            </param>
          </params>
          <reporter-output>
          </reporter-output>
        </test-method> <!-- searchCustomerTest -->
        <test-method is-config="true" signature="closeWebApplication()[pri:0, instance:com.dcpl.testcase.SearchCustomerPageTest@13e344d]" started-at="2022-11-10T17:42:17 IST" name="closeWebApplication" finished-at="2022-11-10T17:42:23 IST" duration-ms="6154" status="PASS">
          <reporter-output>
          </reporter-output>
        </test-method> <!-- closeWebApplication -->
        <test-method is-config="true" signature="setUP(java.lang.String)[pri:0, instance:com.dcpl.testcase.SearchCustomerPageTest@13e344d]" started-at="2022-11-10T17:42:23 IST" name="setUP" finished-at="2022-11-10T17:42:28 IST" duration-ms="4746" status="PASS">
          <params>
            <param index="0">
              <value>
                <![CDATA[chrome]]>
              </value>
            </param>
          </params>
          <reporter-output>
          </reporter-output>
        </test-method> <!-- setUP -->
        <test-method signature="searchCustomerTest(java.util.HashMap)[pri:0, instance:com.dcpl.testcase.SearchCustomerPageTest@13e344d]" started-at="2022-11-10T17:42:28 IST" name="searchCustomerTest" description="Testing search customer details" data-provider="searchCustomerDetailsData" finished-at="2022-11-10T17:42:41 IST" duration-ms="12511" status="PASS">
          <params>
            <param index="0">
              <value>
                <![CDATA[{customerContactNumber=, password=Pass@123, customerLoyaltyCard=, customerID=8, hrms_id=98, customerName=}]]>
              </value>
            </param>
          </params>
          <reporter-output>
          </reporter-output>
        </test-method> <!-- searchCustomerTest -->
        <test-method is-config="true" signature="closeWebApplication()[pri:0, instance:com.dcpl.testcase.SearchCustomerPageTest@13e344d]" started-at="2022-11-10T17:42:41 IST" name="closeWebApplication" finished-at="2022-11-10T17:42:46 IST" duration-ms="5767" status="PASS">
          <reporter-output>
          </reporter-output>
        </test-method> <!-- closeWebApplication -->
        <test-method is-config="true" signature="setUP(java.lang.String)[pri:0, instance:com.dcpl.testcase.SearchCustomerPageTest@13e344d]" started-at="2022-11-10T17:42:46 IST" name="setUP" finished-at="2022-11-10T17:42:51 IST" duration-ms="5050" status="PASS">
          <params>
            <param index="0">
              <value>
                <![CDATA[chrome]]>
              </value>
            </param>
          </params>
          <reporter-output>
          </reporter-output>
        </test-method> <!-- setUP -->
        <test-method signature="searchCustomerTest(java.util.HashMap)[pri:0, instance:com.dcpl.testcase.SearchCustomerPageTest@13e344d]" started-at="2022-11-10T17:42:51 IST" name="searchCustomerTest" description="Testing search customer details" data-provider="searchCustomerDetailsData" finished-at="2022-11-10T17:43:03 IST" duration-ms="12037" status="PASS">
          <params>
            <param index="0">
              <value>
                <![CDATA[{customerContactNumber=, password=Pass@123, customerLoyaltyCard=, customerID=, hrms_id=98, customerName=Ali Hashmi}]]>
              </value>
            </param>
          </params>
          <reporter-output>
          </reporter-output>
        </test-method> <!-- searchCustomerTest -->
        <test-method is-config="true" signature="closeWebApplication()[pri:0, instance:com.dcpl.testcase.SearchCustomerPageTest@13e344d]" started-at="2022-11-10T17:43:03 IST" name="closeWebApplication" finished-at="2022-11-10T17:43:09 IST" duration-ms="5540" status="PASS">
          <reporter-output>
          </reporter-output>
        </test-method> <!-- closeWebApplication -->
        <test-method is-config="true" signature="setUP(java.lang.String)[pri:0, instance:com.dcpl.testcase.SearchCustomerPageTest@13e344d]" started-at="2022-11-10T17:43:09 IST" name="setUP" finished-at="2022-11-10T17:43:14 IST" duration-ms="5009" status="PASS">
          <params>
            <param index="0">
              <value>
                <![CDATA[chrome]]>
              </value>
            </param>
          </params>
          <reporter-output>
          </reporter-output>
        </test-method> <!-- setUP -->
        <test-method signature="searchCustomerTest(java.util.HashMap)[pri:0, instance:com.dcpl.testcase.SearchCustomerPageTest@13e344d]" started-at="2022-11-10T17:43:14 IST" name="searchCustomerTest" description="Testing search customer details" data-provider="searchCustomerDetailsData" finished-at="2022-11-10T17:43:26 IST" duration-ms="12127" status="PASS">
          <params>
            <param index="0">
              <value>
                <![CDATA[{customerContactNumber=9746764977, password=Pass@123, customerLoyaltyCard=, customerID=, hrms_id=98, customerName=}]]>
              </value>
            </param>
          </params>
          <reporter-output>
          </reporter-output>
        </test-method> <!-- searchCustomerTest -->
        <test-method is-config="true" signature="closeWebApplication()[pri:0, instance:com.dcpl.testcase.SearchCustomerPageTest@13e344d]" started-at="2022-11-10T17:43:26 IST" name="closeWebApplication" finished-at="2022-11-10T17:43:32 IST" duration-ms="5803" status="PASS">
          <reporter-output>
          </reporter-output>
        </test-method> <!-- closeWebApplication -->
        <test-method is-config="true" signature="setUP(java.lang.String)[pri:0, instance:com.dcpl.testcase.SearchCustomerPageTest@13e344d]" started-at="2022-11-10T17:43:32 IST" name="setUP" finished-at="2022-11-10T17:43:38 IST" duration-ms="5757" status="PASS">
          <params>
            <param index="0">
              <value>
                <![CDATA[chrome]]>
              </value>
            </param>
          </params>
          <reporter-output>
          </reporter-output>
        </test-method> <!-- setUP -->
        <test-method signature="searchCustomerTest(java.util.HashMap)[pri:0, instance:com.dcpl.testcase.SearchCustomerPageTest@13e344d]" started-at="2022-11-10T17:43:38 IST" name="searchCustomerTest" description="Testing search customer details" data-provider="searchCustomerDetailsData" finished-at="2022-11-10T17:43:51 IST" duration-ms="13662" status="PASS">
          <params>
            <param index="0">
              <value>
                <![CDATA[{customerContactNumber=, password=Pass@123, customerLoyaltyCard=66, customerID=, hrms_id=98, customerName=}]]>
              </value>
            </param>
          </params>
          <reporter-output>
          </reporter-output>
        </test-method> <!-- searchCustomerTest -->
        <test-method is-config="true" signature="closeWebApplication()[pri:0, instance:com.dcpl.testcase.SearchCustomerPageTest@13e344d]" started-at="2022-11-10T17:43:51 IST" name="closeWebApplication" finished-at="2022-11-10T17:43:57 IST" duration-ms="5818" status="PASS">
          <reporter-output>
          </reporter-output>
        </test-method> <!-- closeWebApplication -->
      </class> <!-- com.dcpl.testcase.SearchCustomerPageTest -->
      <class name="com.dcpl.testcase.SalesLoginPageTest">
        <test-method is-config="true" signature="setUP(java.lang.String)[pri:0, instance:com.dcpl.testcase.SalesLoginPageTest@6340e5f0]" started-at="2022-11-10T17:41:24 IST" name="setUP" finished-at="2022-11-10T17:41:30 IST" duration-ms="6225" status="PASS">
          <params>
            <param index="0">
              <value>
                <![CDATA[chrome]]>
              </value>
            </param>
          </params>
          <reporter-output>
          </reporter-output>
        </test-method> <!-- setUP -->
        <test-method signature="salesLoginTest(java.lang.String,java.lang.String)[pri:0, instance:com.dcpl.testcase.SalesLoginPageTest@6340e5f0]" started-at="2022-11-10T17:41:30 IST" name="salesLoginTest" description="Performing user login for sales portal" data-provider="salesLoginCredentials" finished-at="2022-11-10T17:41:41 IST" duration-ms="10697" status="PASS">
          <params>
            <param index="0">
              <value>
                <![CDATA[98]]>
              </value>
            </param>
            <param index="1">
              <value>
                <![CDATA[Pass@123]]>
              </value>
            </param>
          </params>
          <reporter-output>
          </reporter-output>
        </test-method> <!-- salesLoginTest -->
        <test-method is-config="true" signature="closeWebApplication()[pri:0, instance:com.dcpl.testcase.SalesLoginPageTest@6340e5f0]" started-at="2022-11-10T17:41:41 IST" name="closeWebApplication" finished-at="2022-11-10T17:41:42 IST" duration-ms="748" status="PASS">
          <reporter-output>
          </reporter-output>
        </test-method> <!-- closeWebApplication -->
      </class> <!-- com.dcpl.testcase.SalesLoginPageTest -->
      <class name="com.dcpl.testcase.OrderHeaderPageTest">
        <test-method is-config="true" signature="readConfig()[pri:0, instance:com.dcpl.testcase.OrderHeaderPageTest@4686afc2]" started-at="2022-11-10T17:40:38 IST" name="readConfig" finished-at="2022-11-10T17:40:39 IST" duration-ms="644" status="PASS">
          <reporter-output>
          </reporter-output>
        </test-method> <!-- readConfig -->
        <test-method is-config="true" signature="setUP(java.lang.String)[pri:0, instance:com.dcpl.testcase.OrderHeaderPageTest@4686afc2]" started-at="2022-11-10T17:40:40 IST" name="setUP" finished-at="2022-11-10T17:40:55 IST" duration-ms="14300" status="PASS">
          <params>
            <param index="0">
              <value>
                <![CDATA[chrome]]>
              </value>
            </param>
          </params>
          <reporter-output>
          </reporter-output>
        </test-method> <!-- setUP -->
        <test-method signature="createOrderHeaderPageTest(java.util.HashMap)[pri:1, instance:com.dcpl.testcase.OrderHeaderPageTest@4686afc2]" started-at="2022-11-10T17:40:55 IST" name="createOrderHeaderPageTest" description="Testing order header page for customer order" data-provider="orderHeaderPageData" finished-at="2022-11-10T17:41:18 IST" duration-ms="23266" status="FAIL">
          <params>
            <param index="0">
              <value>
                <![CDATA[{occasion=Self, customerContactNumber=9746764977, customerLoyaltyCard=66, occasionmonth=Nov, intimation=Yes, hrms_id=98, customerName=Ali Hashmi, password=Pass@123, intimationMode=Mail, deliveryAddress=Yes, occasionyear=2022, customerID=8, occasiondate=15, printNameInBill=No, occasionRemarks=Automation testing}]]>
              </value>
            </param>
          </params>
          <exception class="org.openqa.selenium.json.JsonException">
            <message>
              <![CDATA[java.lang.reflect.InvocationTargetException
Build info: version: '4.3.0', revision: 'a4995e2c09*'
System info: host: 'HP', ip: '10.212.134.14', os.name: 'Windows 10', os.arch: 'amd64', os.version: '10.0', java.version: '17.0.1'
Driver info: org.openqa.selenium.chrome.ChromeDriver
Command: [245c03fe9b2f898bcb0394d7eec52367, actions {actions=[org.openqa.selenium.interactions.Sequence@7a1371]}]
Capabilities {acceptInsecureCerts: false, browserName: chrome, browserVersion: 107.0.5304.89, chrome: {chromedriverVersion: 107.0.5304.62 (1eec40d3a576..., userDataDir: C:\Users\USER\AppData\Local...}, goog:chromeOptions: {debuggerAddress: localhost:51226}, networkConnectionEnabled: false, pageLoadStrategy: normal, platformName: WINDOWS, proxy: Proxy(), se:cdp: ws://localhost:51226/devtoo..., se:cdpVersion: 107.0.5304.89, setWindowRect: true, strictFileInteractability: false, timeouts: {implicit: 0, pageLoad: 300000, script: 30000}, unhandledPromptBehavior: dismiss and notify, webauthn:extension:credBlob: true, webauthn:extension:largeBlob: true, webauthn:virtualAuthenticators: true}
Session ID: 245c03fe9b2f898bcb0394d7eec52367]]>
            </message>
            <full-stacktrace>
              <![CDATA[org.openqa.selenium.json.JsonException: java.lang.reflect.InvocationTargetException
Build info: version: '4.3.0', revision: 'a4995e2c09*'
System info: host: 'HP', ip: '10.212.134.14', os.name: 'Windows 10', os.arch: 'amd64', os.version: '10.0', java.version: '17.0.1'
Driver info: org.openqa.selenium.chrome.ChromeDriver
Command: [245c03fe9b2f898bcb0394d7eec52367, actions {actions=[org.openqa.selenium.interactions.Sequence@7a1371]}]
Capabilities {acceptInsecureCerts: false, browserName: chrome, browserVersion: 107.0.5304.89, chrome: {chromedriverVersion: 107.0.5304.62 (1eec40d3a576..., userDataDir: C:\Users\USER\AppData\Local...}, goog:chromeOptions: {debuggerAddress: localhost:51226}, networkConnectionEnabled: false, pageLoadStrategy: normal, platformName: WINDOWS, proxy: Proxy(), se:cdp: ws://localhost:51226/devtoo..., se:cdpVersion: 107.0.5304.89, setWindowRect: true, strictFileInteractability: false, timeouts: {implicit: 0, pageLoad: 300000, script: 30000}, unhandledPromptBehavior: dismiss and notify, webauthn:extension:credBlob: true, webauthn:extension:largeBlob: true, webauthn:virtualAuthenticators: true}
Session ID: 245c03fe9b2f898bcb0394d7eec52367
at org.openqa.selenium.json.JsonOutput.convertUsingMethod(JsonOutput.java:362)
at org.openqa.selenium.json.JsonOutput.lambda$new$16(JsonOutput.java:154)
at org.openqa.selenium.json.JsonOutput.write(JsonOutput.java:287)
at org.openqa.selenium.json.JsonOutput.lambda$new$22(JsonOutput.java:169)
at java.base/java.util.stream.ForEachOps$ForEachOp$OfRef.accept(ForEachOps.java:183)
at java.base/java.util.stream.ReferencePipeline$2$1.accept(ReferencePipeline.java:179)
at java.base/java.util.Iterator.forEachRemaining(Iterator.java:133)
at java.base/java.util.Spliterators$IteratorSpliterator.forEachRemaining(Spliterators.java:1845)
at java.base/java.util.stream.AbstractPipeline.copyInto(AbstractPipeline.java:509)
at java.base/java.util.stream.AbstractPipeline.wrapAndCopyInto(AbstractPipeline.java:499)
at java.base/java.util.stream.ForEachOps$ForEachOp.evaluateSequential(ForEachOps.java:150)
at java.base/java.util.stream.ForEachOps$ForEachOp$OfRef.evaluateSequential(ForEachOps.java:173)
at java.base/java.util.stream.AbstractPipeline.evaluate(AbstractPipeline.java:234)
at java.base/java.util.stream.ReferencePipeline.forEach(ReferencePipeline.java:596)
at org.openqa.selenium.json.JsonOutput.lambda$new$23(JsonOutput.java:169)
at org.openqa.selenium.json.JsonOutput.write(JsonOutput.java:287)
at org.openqa.selenium.json.JsonOutput.lambda$new$24(JsonOutput.java:182)
at com.google.common.collect.SingletonImmutableBiMap.forEach(SingletonImmutableBiMap.java:68)
at org.openqa.selenium.json.JsonOutput.lambda$new$25(JsonOutput.java:177)
at org.openqa.selenium.json.JsonOutput.write(JsonOutput.java:287)
at org.openqa.selenium.json.JsonOutput.write(JsonOutput.java:278)
at org.openqa.selenium.json.Json.toJson(Json.java:42)
at org.openqa.selenium.remote.codec.AbstractHttpCommandCodec.encode(AbstractHttpCommandCodec.java:259)
at org.openqa.selenium.remote.codec.AbstractHttpCommandCodec.encode(AbstractHttpCommandCodec.java:127)
at org.openqa.selenium.remote.HttpCommandExecutor.execute(HttpCommandExecutor.java:172)
at org.openqa.selenium.remote.service.DriverCommandExecutor.invokeExecute(DriverCommandExecutor.java:167)
at org.openqa.selenium.remote.service.DriverCommandExecutor.execute(DriverCommandExecutor.java:142)
at org.openqa.selenium.remote.RemoteWebDriver.execute(RemoteWebDriver.java:569)
at org.openqa.selenium.remote.RemoteWebDriver.perform(RemoteWebDriver.java:637)
at org.openqa.selenium.interactions.Actions$BuiltAction.perform(Actions.java:567)
at com.dcpl.actiondriver.Action.click(Action.java:49)
at com.dcpl.pageobjects.SearchCustomerPage.clickOnAction(SearchCustomerPage.java:90)
at com.dcpl.testcase.OrderHeaderPageTest.createOrderHeaderPageTest(OrderHeaderPageTest.java:64)
at java.base/jdk.internal.reflect.NativeMethodAccessorImpl.invoke0(Native Method)
at java.base/jdk.internal.reflect.NativeMethodAccessorImpl.invoke(NativeMethodAccessorImpl.java:77)
at java.base/jdk.internal.reflect.DelegatingMethodAccessorImpl.invoke(DelegatingMethodAccessorImpl.java:43)
at java.base/java.lang.reflect.Method.invoke(Method.java:568)
at org.testng.internal.MethodInvocationHelper.invokeMethod(MethodInvocationHelper.java:133)
at org.testng.internal.TestInvoker.invokeMethod(TestInvoker.java:598)
at org.testng.internal.TestInvoker.invokeTestMethod(TestInvoker.java:173)
at org.testng.internal.MethodRunner.runInSequence(MethodRunner.java:46)
at org.testng.internal.TestInvoker$MethodInvocationAgent.invoke(TestInvoker.java:824)
at org.testng.internal.TestInvoker.invokeTestMethods(TestInvoker.java:146)
at org.testng.internal.TestMethodWorker.invokeTestMethods(TestMethodWorker.java:146)
at org.testng.internal.TestMethodWorker.run(TestMethodWorker.java:128)
at java.base/java.util.ArrayList.forEach(ArrayList.java:1511)
at org.testng.TestRunner.privateRun(TestRunner.java:794)
at org.testng.TestRunner.run(TestRunner.java:596)
at org.testng.SuiteRunner.runTest(SuiteRunner.java:377)
at org.testng.SuiteRunner.runSequentially(SuiteRunner.java:371)
at org.testng.SuiteRunner.privateRun(SuiteRunner.java:332)
at org.testng.SuiteRunner.run(SuiteRunner.java:276)
at org.testng.SuiteRunnerWorker.runSuite(SuiteRunnerWorker.java:53)
at org.testng.SuiteRunnerWorker.run(SuiteRunnerWorker.java:96)
at org.testng.TestNG.runSuitesSequentially(TestNG.java:1212)
at org.testng.TestNG.runSuitesLocally(TestNG.java:1134)
at org.testng.TestNG.runSuites(TestNG.java:1063)
at org.testng.TestNG.run(TestNG.java:1031)
at org.testng.remote.AbstractRemoteTestNG.run(AbstractRemoteTestNG.java:115)
at org.testng.remote.RemoteTestNG.initAndRun(RemoteTestNG.java:251)
at org.testng.remote.RemoteTestNG.main(RemoteTestNG.java:77)
Suppressed: org.openqa.selenium.json.JsonException: Attempting to close incomplete json stream
Build info: version: '4.3.0', revision: 'a4995e2c09*'
System info: host: 'HP', ip: '10.212.134.14', os.name: 'Windows 10', os.arch: 'amd64', os.version: '10.0', java.version: '17.0.1'
Driver info: driver.version: RemoteWebDriver
at org.openqa.selenium.json.JsonOutput.close(JsonOutput.java:303)
at org.openqa.selenium.json.Json.toJson(Json.java:40)
... 39 more
Caused by: java.lang.reflect.InvocationTargetException
at java.base/jdk.internal.reflect.NativeMethodAccessorImpl.invoke0(Native Method)
at java.base/jdk.internal.reflect.NativeMethodAccessorImpl.invoke(NativeMethodAccessorImpl.java:77)
at java.base/jdk.internal.reflect.DelegatingMethodAccessorImpl.invoke(DelegatingMethodAccessorImpl.java:43)
at java.base/java.lang.reflect.Method.invoke(Method.java:568)
at org.openqa.selenium.json.JsonOutput.convertUsingMethod(JsonOutput.java:358)
... 60 more
Caused by: org.openqa.selenium.NoSuchElementException: no such element: Unable to locate element: {"method":"xpath","selector":"//button[@id='single-button']"}
  (Session info: chrome=107.0.5304.89)
For documentation on this error, please visit: https://selenium.dev/exceptions/#no_such_element
Build info: version: '4.3.0', revision: 'a4995e2c09*'
System info: host: 'HP', ip: '10.212.134.14', os.name: 'Windows 10', os.arch: 'amd64', os.version: '10.0', java.version: '17.0.1'
Driver info: org.openqa.selenium.chrome.ChromeDriver
Command: [245c03fe9b2f898bcb0394d7eec52367, findElement {using=xpath, value=//button[@id='single-button']}]
Capabilities {acceptInsecureCerts: false, browserName: chrome, browserVersion: 107.0.5304.89, chrome: {chromedriverVersion: 107.0.5304.62 (1eec40d3a576..., userDataDir: C:\Users\USER\AppData\Local...}, goog:chromeOptions: {debuggerAddress: localhost:51226}, networkConnectionEnabled: false, pageLoadStrategy: normal, platformName: WINDOWS, proxy: Proxy(), se:cdp: ws://localhost:51226/devtoo..., se:cdpVersion: 107.0.5304.89, setWindowRect: true, strictFileInteractability: false, timeouts: {implicit: 0, pageLoad: 300000, script: 30000}, unhandledPromptBehavior: dismiss and notify, webauthn:extension:credBlob: true, webauthn:extension:largeBlob: true, webauthn:virtualAuthenticators: true}
Session ID: 245c03fe9b2f898bcb0394d7eec52367
at java.base/jdk.internal.reflect.NativeConstructorAccessorImpl.newInstance0(Native Method)
at java.base/jdk.internal.reflect.NativeConstructorAccessorImpl.newInstance(NativeConstructorAccessorImpl.java:77)
at java.base/jdk.internal.reflect.DelegatingConstructorAccessorImpl.newInstance(DelegatingConstructorAccessorImpl.java:45)
at java.base/java.lang.reflect.Constructor.newInstanceWithCaller(Constructor.java:499)
at java.base/java.lang.reflect.Constructor.newInstance(Constructor.java:480)
at org.openqa.selenium.remote.codec.w3c.W3CHttpResponseCodec.createException(W3CHttpResponseCodec.java:200)
at org.openqa.selenium.remote.codec.w3c.W3CHttpResponseCodec.decode(W3CHttpResponseCodec.java:133)
at org.openqa.selenium.remote.codec.w3c.W3CHttpResponseCodec.decode(W3CHttpResponseCodec.java:53)
at org.openqa.selenium.remote.HttpCommandExecutor.execute(HttpCommandExecutor.java:184)
at org.openqa.selenium.remote.service.DriverCommandExecutor.invokeExecute(DriverCommandExecutor.java:167)
at org.openqa.selenium.remote.service.DriverCommandExecutor.execute(DriverCommandExecutor.java:142)
at org.openqa.selenium.remote.RemoteWebDriver.execute(RemoteWebDriver.java:569)
at org.openqa.selenium.remote.ElementLocation$ElementFinder$2.findElement(ElementLocation.java:162)
at org.openqa.selenium.remote.ElementLocation.findElement(ElementLocation.java:60)
at org.openqa.selenium.remote.RemoteWebDriver.findElement(RemoteWebDriver.java:387)
at org.openqa.selenium.remote.RemoteWebDriver.findElement(RemoteWebDriver.java:379)
at org.openqa.selenium.support.pagefactory.DefaultElementLocator.findElement(DefaultElementLocator.java:70)
at org.openqa.selenium.support.pagefactory.internal.LocatingElementHandler.invoke(LocatingElementHandler.java:39)
at jdk.proxy2/jdk.proxy2.$Proxy24.getWrappedElement(Unknown Source)
at org.openqa.selenium.interactions.PointerInput$Origin.asArg(PointerInput.java:260)
at org.openqa.selenium.interactions.PointerInput$Move.encode(PointerInput.java:209)
at org.openqa.selenium.interactions.Sequence.encode(Sequence.java:73)
at org.openqa.selenium.interactions.Sequence.toJson(Sequence.java:82)
... 65 more
]]>
            </full-stacktrace>
          </exception> <!-- org.openqa.selenium.json.JsonException -->
          <reporter-output>
          </reporter-output>
        </test-method> <!-- createOrderHeaderPageTest -->
        <test-method is-config="true" signature="closeWebApplication()[pri:0, instance:com.dcpl.testcase.OrderHeaderPageTest@4686afc2]" started-at="2022-11-10T17:41:18 IST" name="closeWebApplication" finished-at="2022-11-10T17:41:24 IST" duration-ms="5835" status="PASS">
          <reporter-output>
          </reporter-output>
        </test-method> <!-- closeWebApplication -->
        <test-method is-config="true" signature="afterSuite()[pri:0, instance:com.dcpl.testcase.OrderHeaderPageTest@4686afc2]" started-at="2022-11-10T17:45:50 IST" name="afterSuite" finished-at="2022-11-10T17:45:50 IST" duration-ms="736" status="PASS">
          <reporter-output>
          </reporter-output>
        </test-method> <!-- afterSuite -->
      </class> <!-- com.dcpl.testcase.OrderHeaderPageTest -->
      <class name="com.dcpl.testcase.SalesHomePageTest">
        <test-method is-config="true" signature="setUP(java.lang.String)[pri:0, instance:com.dcpl.testcase.SalesHomePageTest@71ba6d4e]" started-at="2022-11-10T17:45:18 IST" name="setUP" finished-at="2022-11-10T17:45:23 IST" duration-ms="4993" status="PASS">
          <params>
            <param index="0">
              <value>
                <![CDATA[chrome]]>
              </value>
            </param>
          </params>
          <reporter-output>
          </reporter-output>
        </test-method> <!-- setUP -->
        <test-method signature="verifyHomeCreateDocumentMenu(java.lang.String,java.lang.String)[pri:0, instance:com.dcpl.testcase.SalesHomePageTest@71ba6d4e]" started-at="2022-11-10T17:45:23 IST" name="verifyHomeCreateDocumentMenu" data-provider="salesLoginCredentials" finished-at="2022-11-10T17:45:34 IST" duration-ms="11268" status="PASS">
          <params>
            <param index="0">
              <value>
                <![CDATA[98]]>
              </value>
            </param>
            <param index="1">
              <value>
                <![CDATA[Pass@123]]>
              </value>
            </param>
          </params>
          <reporter-output>
          </reporter-output>
        </test-method> <!-- verifyHomeCreateDocumentMenu -->
        <test-method is-config="true" signature="closeWebApplication()[pri:0, instance:com.dcpl.testcase.SalesHomePageTest@71ba6d4e]" started-at="2022-11-10T17:45:34 IST" name="closeWebApplication" finished-at="2022-11-10T17:45:35 IST" duration-ms="1309" status="PASS">
          <reporter-output>
          </reporter-output>
        </test-method> <!-- closeWebApplication -->
        <test-method is-config="true" signature="setUP(java.lang.String)[pri:0, instance:com.dcpl.testcase.SalesHomePageTest@71ba6d4e]" started-at="2022-11-10T17:45:35 IST" name="setUP" finished-at="2022-11-10T17:45:40 IST" duration-ms="4678" status="PASS">
          <params>
            <param index="0">
              <value>
                <![CDATA[chrome]]>
              </value>
            </param>
          </params>
          <reporter-output>
          </reporter-output>
        </test-method> <!-- setUP -->
        <test-method signature="verifyOrdersMenu(java.lang.String,java.lang.String)[pri:1, instance:com.dcpl.testcase.SalesHomePageTest@71ba6d4e]" started-at="2022-11-10T17:45:40 IST" name="verifyOrdersMenu" data-provider="salesLoginCredentials" finished-at="2022-11-10T17:45:49 IST" duration-ms="9224" status="PASS">
          <params>
            <param index="0">
              <value>
                <![CDATA[98]]>
              </value>
            </param>
            <param index="1">
              <value>
                <![CDATA[Pass@123]]>
              </value>
            </param>
          </params>
          <reporter-output>
          </reporter-output>
        </test-method> <!-- verifyOrdersMenu -->
        <test-method is-config="true" signature="closeWebApplication()[pri:0, instance:com.dcpl.testcase.SalesHomePageTest@71ba6d4e]" started-at="2022-11-10T17:45:49 IST" name="closeWebApplication" finished-at="2022-11-10T17:45:50 IST" duration-ms="461" status="PASS">
          <reporter-output>
          </reporter-output>
        </test-method> <!-- closeWebApplication -->
      </class> <!-- com.dcpl.testcase.SalesHomePageTest -->
      <class name="com.dcpl.testcase.AddNewCustomerPageTest">
        <test-method is-config="true" signature="setUP(java.lang.String)[pri:0, instance:com.dcpl.testcase.AddNewCustomerPageTest@1ffaf86]" started-at="2022-11-10T17:43:57 IST" name="setUP" finished-at="2022-11-10T17:44:03 IST" duration-ms="5317" status="PASS">
          <params>
            <param index="0">
              <value>
                <![CDATA[chrome]]>
              </value>
            </param>
          </params>
          <reporter-output>
          </reporter-output>
        </test-method> <!-- setUP -->
        <test-method signature="verifyAddNewCustomerPageTest(java.lang.String,java.lang.String)[pri:0, instance:com.dcpl.testcase.AddNewCustomerPageTest@1ffaf86]" started-at="2022-11-10T17:44:03 IST" name="verifyAddNewCustomerPageTest" description="Verifying the add new customer page" data-provider="salesLoginCredentials" finished-at="2022-11-10T17:44:36 IST" duration-ms="32910" status="PASS">
          <params>
            <param index="0">
              <value>
                <![CDATA[98]]>
              </value>
            </param>
            <param index="1">
              <value>
                <![CDATA[Pass@123]]>
              </value>
            </param>
          </params>
          <reporter-output>
          </reporter-output>
        </test-method> <!-- verifyAddNewCustomerPageTest -->
        <test-method is-config="true" signature="closeWebApplication()[pri:0, instance:com.dcpl.testcase.AddNewCustomerPageTest@1ffaf86]" started-at="2022-11-10T17:44:36 IST" name="closeWebApplication" finished-at="2022-11-10T17:44:41 IST" duration-ms="5701" status="PASS">
          <reporter-output>
          </reporter-output>
        </test-method> <!-- closeWebApplication -->
        <test-method is-config="true" signature="setUP(java.lang.String)[pri:0, instance:com.dcpl.testcase.AddNewCustomerPageTest@1ffaf86]" started-at="2022-11-10T17:44:41 IST" name="setUP" finished-at="2022-11-10T17:44:47 IST" duration-ms="5552" status="PASS">
          <params>
            <param index="0">
              <value>
                <![CDATA[chrome]]>
              </value>
            </param>
          </params>
          <reporter-output>
          </reporter-output>
        </test-method> <!-- setUP -->
        <test-method signature="createCustomerDetailsTest(java.util.HashMap)[pri:1, instance:com.dcpl.testcase.AddNewCustomerPageTest@1ffaf86]" started-at="2022-11-10T17:44:47 IST" name="createCustomerDetailsTest" description="Creating new customers and validating its success" data-provider="addNewCustomerDetailsData" finished-at="2022-11-10T17:45:11 IST" duration-ms="24084" status="FAIL">
          <params>
            <param index="0">
              <value>
                <![CDATA[{customerState=29 - Karnataka, customerPanNumber=BMJPA3961N, customerGender=FEMALE, customerLandLineHome=04902368115, customerCity=Bangalore, hrms_id=98, customerLandLineOffice=04902368119, customerCountry=India, customerMiddleName=Mumthas, customerPinCode=656898, password=Pass@123, customerType=Individual, customerGSTNo=18AABCU9603R1ZM, customerMobile2=6521456899, customerFirstName=Henna, customerMobile1=9854674873, customerEmail=Hana123@gmail.com, customerLastName=PK, customerAddress1=Darussalam, customerTitles=Mrs, customerAddress3=Kandamkunnu, customerAddress2=Neerveli, customerAdharNo=0490236811745}]]>
              </value>
            </param>
          </params>
          <exception class="java.lang.AssertionError">
            <message>
              <![CDATA[expected [true] but found [false]]]>
            </message>
            <full-stacktrace>
              <![CDATA[java.lang.AssertionError: expected [true] but found [false]
at org.testng.Assert.fail(Assert.java:99)
at org.testng.Assert.failNotEquals(Assert.java:1037)
at org.testng.Assert.assertTrue(Assert.java:45)
at org.testng.Assert.assertTrue(Assert.java:55)
at com.dcpl.testcase.AddNewCustomerPageTest.createCustomerDetailsTest(AddNewCustomerPageTest.java:112)
at java.base/jdk.internal.reflect.NativeMethodAccessorImpl.invoke0(Native Method)
at java.base/jdk.internal.reflect.NativeMethodAccessorImpl.invoke(NativeMethodAccessorImpl.java:77)
at java.base/jdk.internal.reflect.DelegatingMethodAccessorImpl.invoke(DelegatingMethodAccessorImpl.java:43)
at java.base/java.lang.reflect.Method.invoke(Method.java:568)
at org.testng.internal.MethodInvocationHelper.invokeMethod(MethodInvocationHelper.java:133)
at org.testng.internal.TestInvoker.invokeMethod(TestInvoker.java:598)
at org.testng.internal.TestInvoker.invokeTestMethod(TestInvoker.java:173)
at org.testng.internal.MethodRunner.runInSequence(MethodRunner.java:46)
at org.testng.internal.TestInvoker$MethodInvocationAgent.invoke(TestInvoker.java:824)
at org.testng.internal.TestInvoker.invokeTestMethods(TestInvoker.java:146)
at org.testng.internal.TestMethodWorker.invokeTestMethods(TestMethodWorker.java:146)
at org.testng.internal.TestMethodWorker.run(TestMethodWorker.java:128)
at java.base/java.util.ArrayList.forEach(ArrayList.java:1511)
at org.testng.TestRunner.privateRun(TestRunner.java:794)
at org.testng.TestRunner.run(TestRunner.java:596)
at org.testng.SuiteRunner.runTest(SuiteRunner.java:377)
at org.testng.SuiteRunner.runSequentially(SuiteRunner.java:371)
at org.testng.SuiteRunner.privateRun(SuiteRunner.java:332)
at org.testng.SuiteRunner.run(SuiteRunner.java:276)
at org.testng.SuiteRunnerWorker.runSuite(SuiteRunnerWorker.java:53)
at org.testng.SuiteRunnerWorker.run(SuiteRunnerWorker.java:96)
at org.testng.TestNG.runSuitesSequentially(TestNG.java:1212)
at org.testng.TestNG.runSuitesLocally(TestNG.java:1134)
at org.testng.TestNG.runSuites(TestNG.java:1063)
at org.testng.TestNG.run(TestNG.java:1031)
at org.testng.remote.AbstractRemoteTestNG.run(AbstractRemoteTestNG.java:115)
at org.testng.remote.RemoteTestNG.initAndRun(RemoteTestNG.java:251)
at org.testng.remote.RemoteTestNG.main(RemoteTestNG.java:77)
]]>
            </full-stacktrace>
          </exception> <!-- java.lang.AssertionError -->
          <reporter-output>
          </reporter-output>
        </test-method> <!-- createCustomerDetailsTest -->
        <test-method is-config="true" signature="closeWebApplication()[pri:0, instance:com.dcpl.testcase.AddNewCustomerPageTest@1ffaf86]" started-at="2022-11-10T17:45:12 IST" name="closeWebApplication" finished-at="2022-11-10T17:45:17 IST" duration-ms="5515" status="PASS">
          <reporter-output>
          </reporter-output>
        </test-method> <!-- closeWebApplication -->
      </class> <!-- com.dcpl.testcase.AddNewCustomerPageTest -->
    </test> <!-- Test_All -->
  </suite> <!-- Suite -->
</testng-results>
