<?xml version="1.0" encoding="UTF-8"?>
<testng-results ignored="0" total="1" passed="1" failed="0" skipped="0">
  <reporter-output>
  </reporter-output>
  <suite started-at="2022-11-30T10:52:53 IST" name="Suite" finished-at="2022-11-30T10:53:53 IST" duration-ms="59758">
    <groups>
      <group name="Sanity">
        <method signature="CreditAndAdvancePageTest.verifyCreditAdvacnceTest(java.util.HashMap)[pri:0, instance:com.dcpl.testcase.CreditAndAdvancePageTest@38cee291]" name="verifyCreditAdvacnceTest" class="com.dcpl.testcase.CreditAndAdvancePageTest"/>
      </group> <!-- Sanity -->
      <group name="Regression">
        <method signature="CreditAndAdvancePageTest.verifyCreditAdvacnceTest(java.util.HashMap)[pri:0, instance:com.dcpl.testcase.CreditAndAdvancePageTest@38cee291]" name="verifyCreditAdvacnceTest" class="com.dcpl.testcase.CreditAndAdvancePageTest"/>
      </group> <!-- Regression -->
    </groups>
    <test started-at="2022-11-30T10:52:53 IST" name="RegressionTest" finished-at="2022-11-30T10:53:53 IST" duration-ms="59758">
      <class name="com.dcpl.testcase.CreditAndAdvancePageTest">
        <test-method is-config="true" signature="readConfig()[pri:0, instance:com.dcpl.testcase.CreditAndAdvancePageTest@38cee291]" started-at="2022-11-30T10:52:53 IST" name="readConfig" finished-at="2022-11-30T10:52:53 IST" duration-ms="552" status="PASS">
          <reporter-output>
          </reporter-output>
        </test-method> <!-- readConfig -->
        <test-method is-config="true" signature="setUP(java.lang.String)[pri:0, instance:com.dcpl.testcase.CreditAndAdvancePageTest@38cee291]" started-at="2022-11-30T10:52:55 IST" name="setUP" finished-at="2022-11-30T10:53:06 IST" duration-ms="10902" status="PASS">
          <params>
            <param index="0">
              <value>
                <![CDATA[chrome]]>
              </value>
            </param>
          </params>
          <reporter-output>
          </reporter-output>
        </test-method> <!-- setUP -->
        <test-method signature="verifyCreditAdvacnceTest(java.util.HashMap)[pri:0, instance:com.dcpl.testcase.CreditAndAdvancePageTest@38cee291]" started-at="2022-11-30T10:53:06 IST" name="verifyCreditAdvacnceTest" description="Verifying credit and advance page" data-provider="orderDetailPageData" finished-at="2022-11-30T10:53:47 IST" duration-ms="41515" status="PASS">
          <params>
            <param index="0">
              <value>
                <![CDATA[{occasion=Self, customerContactNumber=9746764977, dueDateYear=2022, subCategory=1, toWeightRange=100, intimation=Yes, hrms_id=98, vendorCode=BKK, polishTypeSearch=Matt Finish, password=Pass@123, intimationMode=Mail, skinPurity=1, deliveryAddress=Yes, occasiondate=30, lengthSearch=7.5", dueDateMonth=Nov, salesExecutiveID=4, Pieces=1, customerLoyaltyCard=, occasionmonth=Nov, metalColor=1, orderKind=New Order-NO, customerName=Ali Hashmi, fromWeightRange=1, metalWeightType=Range, hookTypeSearch=U Hook, settingTypeSearch=Open Setting, occasionyear=2022, dueDateDay=30, customerID=8, jewelType=Necklace, mainCategory=1, payAdvOption=Yes, printNameInBill=No, expectedWeightRange=100, occasionRemarks=Automation testing, segmentType=Gold}]]>
              </value>
            </param>
          </params>
          <reporter-output>
          </reporter-output>
        </test-method> <!-- verifyCreditAdvacnceTest -->
        <test-method is-config="true" signature="closeWebApplication()[pri:0, instance:com.dcpl.testcase.CreditAndAdvancePageTest@38cee291]" started-at="2022-11-30T10:53:47 IST" name="closeWebApplication" finished-at="2022-11-30T10:53:53 IST" duration-ms="5743" status="PASS">
          <reporter-output>
          </reporter-output>
        </test-method> <!-- closeWebApplication -->
        <test-method is-config="true" signature="afterSuite()[pri:0, instance:com.dcpl.testcase.CreditAndAdvancePageTest@38cee291]" started-at="2022-11-30T10:53:53 IST" name="afterSuite" finished-at="2022-11-30T10:53:54 IST" duration-ms="1035" status="PASS">
          <reporter-output>
          </reporter-output>
        </test-method> <!-- afterSuite -->
      </class> <!-- com.dcpl.testcase.CreditAndAdvancePageTest -->
    </test> <!-- RegressionTest -->
  </suite> <!-- Suite -->
</testng-results>
